INFO - 2025-03-19 04:52:29 --> Session: Class initialized using 'CodeIgniter\Session\Handlers\FileHandler' driver.
ERROR - 2025-03-19 04:54:34 --> Array
(
    [0] => Array
        (
            [class_id] => 7
            [class_name] => Lecturer 2 class 1
            [lecturer_id] => 2
            [start_date] => 2025-03-20
            [end_date] => 2025-03-21
            [created_at] => 2025-03-19 04:54:03
            [updated_at] => 2025-03-19 04:54:03
            [invite_code] => 05126D
        )

)

ERROR - 2025-03-19 04:54:34 --> Array
(
    [0] => Array
        (
            [class_id] => 7
            [class_name] => Lecturer 2 class 1
            [lecturer_id] => 2
            [start_date] => 2025-03-20
            [end_date] => 2025-03-21
            [created_at] => 2025-03-19 04:54:03
            [updated_at] => 2025-03-19 04:54:03
            [invite_code] => 05126D
        )

)

INFO - 2025-03-19 05:03:02 --> Session: Class initialized using 'CodeIgniter\Session\Handlers\FileHandler' driver.
INFO - 2025-03-19 05:03:16 --> Session: Class initialized using 'CodeIgniter\Session\Handlers\FileHandler' driver.
ERROR - 2025-03-19 05:03:25 --> Array
(
    [0] => Array
        (
            [class_id] => 1
            [class_name] => Testing Class
            [lecturer_id] => 1
            [start_date] => 2025-03-10
            [end_date] => 2025-03-10
            [created_at] => 2025-03-10 17:34:19
            [updated_at] => 2025-03-10 17:34:19
            [invite_code] => 32534A
        )

    [1] => Array
        (
            [class_id] => 2
            [class_name] => Testing Class2
            [lecturer_id] => 1
            [start_date] => 2025-03-10
            [end_date] => 2025-03-11
            [created_at] => 2025-03-10 17:42:04
            [updated_at] => 2025-03-10 17:42:04
            [invite_code] => 4F1AE7
        )

    [2] => Array
        (
            [class_id] => 3
            [class_name] => Testing Class3
            [lecturer_id] => 1
            [start_date] => 2025-03-12
            [end_date] => 2025-03-13
            [created_at] => 2025-03-10 17:46:39
            [updated_at] => 2025-03-10 17:46:39
            [invite_code] => F9D223
        )

    [3] => Array
        (
            [class_id] => 4
            [class_name] => Testing Class4
            [lecturer_id] => 1
            [start_date] => 2025-03-12
            [end_date] => 2025-03-13
            [created_at] => 2025-03-10 17:54:40
            [updated_at] => 2025-03-10 17:54:40
            [invite_code] => 6BE2CF
        )

    [4] => Array
        (
            [class_id] => 5
            [class_name] => Testing Class5
            [lecturer_id] => 1
            [start_date] => 2025-03-26
            [end_date] => 2025-03-22
            [created_at] => 2025-03-10 18:05:19
            [updated_at] => 2025-03-10 18:05:19
            [invite_code] => 45DC81
        )

    [5] => Array
        (
            [class_id] => 6
            [class_name] => Testing Class6
            [lecturer_id] => 1
            [start_date] => 2025-03-17
            [end_date] => 2025-03-18
            [created_at] => 2025-03-10 18:21:52
            [updated_at] => 2025-03-10 18:21:52
            [invite_code] => 3F1CB9
        )

)

ERROR - 2025-03-19 05:03:25 --> Array
(
    [0] => Array
        (
            [class_id] => 1
            [class_name] => Testing Class
            [lecturer_id] => 1
            [start_date] => 2025-03-10
            [end_date] => 2025-03-10
            [created_at] => 2025-03-10 17:34:19
            [updated_at] => 2025-03-10 17:34:19
            [invite_code] => 32534A
        )

    [1] => Array
        (
            [class_id] => 2
            [class_name] => Testing Class2
            [lecturer_id] => 1
            [start_date] => 2025-03-10
            [end_date] => 2025-03-11
            [created_at] => 2025-03-10 17:42:04
            [updated_at] => 2025-03-10 17:42:04
            [invite_code] => 4F1AE7
        )

    [2] => Array
        (
            [class_id] => 3
            [class_name] => Testing Class3
            [lecturer_id] => 1
            [start_date] => 2025-03-12
            [end_date] => 2025-03-13
            [created_at] => 2025-03-10 17:46:39
            [updated_at] => 2025-03-10 17:46:39
            [invite_code] => F9D223
        )

    [3] => Array
        (
            [class_id] => 4
            [class_name] => Testing Class4
            [lecturer_id] => 1
            [start_date] => 2025-03-12
            [end_date] => 2025-03-13
            [created_at] => 2025-03-10 17:54:40
            [updated_at] => 2025-03-10 17:54:40
            [invite_code] => 6BE2CF
        )

    [4] => Array
        (
            [class_id] => 5
            [class_name] => Testing Class5
            [lecturer_id] => 1
            [start_date] => 2025-03-26
            [end_date] => 2025-03-22
            [created_at] => 2025-03-10 18:05:19
            [updated_at] => 2025-03-10 18:05:19
            [invite_code] => 45DC81
        )

    [5] => Array
        (
            [class_id] => 6
            [class_name] => Testing Class6
            [lecturer_id] => 1
            [start_date] => 2025-03-17
            [end_date] => 2025-03-18
            [created_at] => 2025-03-10 18:21:52
            [updated_at] => 2025-03-10 18:21:52
            [invite_code] => 3F1CB9
        )

)

ERROR - 2025-03-19 05:04:06 --> Array
(
    [0] => Array
        (
            [class_id] => 1
            [class_name] => Testing Class
            [lecturer_id] => 1
            [start_date] => 2025-03-10
            [end_date] => 2025-03-10
            [created_at] => 2025-03-10 17:34:19
            [updated_at] => 2025-03-10 17:34:19
            [invite_code] => 32534A
        )

    [1] => Array
        (
            [class_id] => 2
            [class_name] => Testing Class2
            [lecturer_id] => 1
            [start_date] => 2025-03-10
            [end_date] => 2025-03-11
            [created_at] => 2025-03-10 17:42:04
            [updated_at] => 2025-03-10 17:42:04
            [invite_code] => 4F1AE7
        )

    [2] => Array
        (
            [class_id] => 3
            [class_name] => Testing Class3
            [lecturer_id] => 1
            [start_date] => 2025-03-12
            [end_date] => 2025-03-13
            [created_at] => 2025-03-10 17:46:39
            [updated_at] => 2025-03-10 17:46:39
            [invite_code] => F9D223
        )

    [3] => Array
        (
            [class_id] => 4
            [class_name] => Testing Class4
            [lecturer_id] => 1
            [start_date] => 2025-03-12
            [end_date] => 2025-03-13
            [created_at] => 2025-03-10 17:54:40
            [updated_at] => 2025-03-10 17:54:40
            [invite_code] => 6BE2CF
        )

    [4] => Array
        (
            [class_id] => 5
            [class_name] => Testing Class5
            [lecturer_id] => 1
            [start_date] => 2025-03-26
            [end_date] => 2025-03-22
            [created_at] => 2025-03-10 18:05:19
            [updated_at] => 2025-03-10 18:05:19
            [invite_code] => 45DC81
        )

    [5] => Array
        (
            [class_id] => 6
            [class_name] => Testing Class6
            [lecturer_id] => 1
            [start_date] => 2025-03-17
            [end_date] => 2025-03-18
            [created_at] => 2025-03-10 18:21:52
            [updated_at] => 2025-03-10 18:21:52
            [invite_code] => 3F1CB9
        )

)

ERROR - 2025-03-19 05:04:06 --> Array
(
    [0] => Array
        (
            [class_id] => 1
            [class_name] => Testing Class
            [lecturer_id] => 1
            [start_date] => 2025-03-10
            [end_date] => 2025-03-10
            [created_at] => 2025-03-10 17:34:19
            [updated_at] => 2025-03-10 17:34:19
            [invite_code] => 32534A
        )

    [1] => Array
        (
            [class_id] => 2
            [class_name] => Testing Class2
            [lecturer_id] => 1
            [start_date] => 2025-03-10
            [end_date] => 2025-03-11
            [created_at] => 2025-03-10 17:42:04
            [updated_at] => 2025-03-10 17:42:04
            [invite_code] => 4F1AE7
        )

    [2] => Array
        (
            [class_id] => 3
            [class_name] => Testing Class3
            [lecturer_id] => 1
            [start_date] => 2025-03-12
            [end_date] => 2025-03-13
            [created_at] => 2025-03-10 17:46:39
            [updated_at] => 2025-03-10 17:46:39
            [invite_code] => F9D223
        )

    [3] => Array
        (
            [class_id] => 4
            [class_name] => Testing Class4
            [lecturer_id] => 1
            [start_date] => 2025-03-12
            [end_date] => 2025-03-13
            [created_at] => 2025-03-10 17:54:40
            [updated_at] => 2025-03-10 17:54:40
            [invite_code] => 6BE2CF
        )

    [4] => Array
        (
            [class_id] => 5
            [class_name] => Testing Class5
            [lecturer_id] => 1
            [start_date] => 2025-03-26
            [end_date] => 2025-03-22
            [created_at] => 2025-03-10 18:05:19
            [updated_at] => 2025-03-10 18:05:19
            [invite_code] => 45DC81
        )

    [5] => Array
        (
            [class_id] => 6
            [class_name] => Testing Class6
            [lecturer_id] => 1
            [start_date] => 2025-03-17
            [end_date] => 2025-03-18
            [created_at] => 2025-03-10 18:21:52
            [updated_at] => 2025-03-10 18:21:52
            [invite_code] => 3F1CB9
        )

)

ERROR - 2025-03-19 05:04:09 --> Array
(
    [0] => Array
        (
            [class_id] => 1
            [class_name] => Testing Class
            [lecturer_id] => 1
            [start_date] => 2025-03-10
            [end_date] => 2025-03-10
            [created_at] => 2025-03-10 17:34:19
            [updated_at] => 2025-03-10 17:34:19
            [invite_code] => 32534A
        )

    [1] => Array
        (
            [class_id] => 2
            [class_name] => Testing Class2
            [lecturer_id] => 1
            [start_date] => 2025-03-10
            [end_date] => 2025-03-11
            [created_at] => 2025-03-10 17:42:04
            [updated_at] => 2025-03-10 17:42:04
            [invite_code] => 4F1AE7
        )

    [2] => Array
        (
            [class_id] => 3
            [class_name] => Testing Class3
            [lecturer_id] => 1
            [start_date] => 2025-03-12
            [end_date] => 2025-03-13
            [created_at] => 2025-03-10 17:46:39
            [updated_at] => 2025-03-10 17:46:39
            [invite_code] => F9D223
        )

    [3] => Array
        (
            [class_id] => 4
            [class_name] => Testing Class4
            [lecturer_id] => 1
            [start_date] => 2025-03-12
            [end_date] => 2025-03-13
            [created_at] => 2025-03-10 17:54:40
            [updated_at] => 2025-03-10 17:54:40
            [invite_code] => 6BE2CF
        )

    [4] => Array
        (
            [class_id] => 5
            [class_name] => Testing Class5
            [lecturer_id] => 1
            [start_date] => 2025-03-26
            [end_date] => 2025-03-22
            [created_at] => 2025-03-10 18:05:19
            [updated_at] => 2025-03-10 18:05:19
            [invite_code] => 45DC81
        )

    [5] => Array
        (
            [class_id] => 6
            [class_name] => Testing Class6
            [lecturer_id] => 1
            [start_date] => 2025-03-17
            [end_date] => 2025-03-18
            [created_at] => 2025-03-10 18:21:52
            [updated_at] => 2025-03-10 18:21:52
            [invite_code] => 3F1CB9
        )

)

ERROR - 2025-03-19 05:04:09 --> Array
(
    [0] => Array
        (
            [class_id] => 1
            [class_name] => Testing Class
            [lecturer_id] => 1
            [start_date] => 2025-03-10
            [end_date] => 2025-03-10
            [created_at] => 2025-03-10 17:34:19
            [updated_at] => 2025-03-10 17:34:19
            [invite_code] => 32534A
        )

    [1] => Array
        (
            [class_id] => 2
            [class_name] => Testing Class2
            [lecturer_id] => 1
            [start_date] => 2025-03-10
            [end_date] => 2025-03-11
            [created_at] => 2025-03-10 17:42:04
            [updated_at] => 2025-03-10 17:42:04
            [invite_code] => 4F1AE7
        )

    [2] => Array
        (
            [class_id] => 3
            [class_name] => Testing Class3
            [lecturer_id] => 1
            [start_date] => 2025-03-12
            [end_date] => 2025-03-13
            [created_at] => 2025-03-10 17:46:39
            [updated_at] => 2025-03-10 17:46:39
            [invite_code] => F9D223
        )

    [3] => Array
        (
            [class_id] => 4
            [class_name] => Testing Class4
            [lecturer_id] => 1
            [start_date] => 2025-03-12
            [end_date] => 2025-03-13
            [created_at] => 2025-03-10 17:54:40
            [updated_at] => 2025-03-10 17:54:40
            [invite_code] => 6BE2CF
        )

    [4] => Array
        (
            [class_id] => 5
            [class_name] => Testing Class5
            [lecturer_id] => 1
            [start_date] => 2025-03-26
            [end_date] => 2025-03-22
            [created_at] => 2025-03-10 18:05:19
            [updated_at] => 2025-03-10 18:05:19
            [invite_code] => 45DC81
        )

    [5] => Array
        (
            [class_id] => 6
            [class_name] => Testing Class6
            [lecturer_id] => 1
            [start_date] => 2025-03-17
            [end_date] => 2025-03-18
            [created_at] => 2025-03-10 18:21:52
            [updated_at] => 2025-03-10 18:21:52
            [invite_code] => 3F1CB9
        )

)

ERROR - 2025-03-19 05:04:20 --> Array
(
    [0] => Array
        (
            [class_id] => 1
            [class_name] => Testing Class
            [lecturer_id] => 1
            [start_date] => 2025-03-10
            [end_date] => 2025-03-10
            [created_at] => 2025-03-10 17:34:19
            [updated_at] => 2025-03-10 17:34:19
            [invite_code] => 32534A
        )

    [1] => Array
        (
            [class_id] => 2
            [class_name] => Testing Class2
            [lecturer_id] => 1
            [start_date] => 2025-03-10
            [end_date] => 2025-03-11
            [created_at] => 2025-03-10 17:42:04
            [updated_at] => 2025-03-10 17:42:04
            [invite_code] => 4F1AE7
        )

    [2] => Array
        (
            [class_id] => 3
            [class_name] => Testing Class3
            [lecturer_id] => 1
            [start_date] => 2025-03-12
            [end_date] => 2025-03-13
            [created_at] => 2025-03-10 17:46:39
            [updated_at] => 2025-03-10 17:46:39
            [invite_code] => F9D223
        )

    [3] => Array
        (
            [class_id] => 4
            [class_name] => Testing Class4
            [lecturer_id] => 1
            [start_date] => 2025-03-12
            [end_date] => 2025-03-13
            [created_at] => 2025-03-10 17:54:40
            [updated_at] => 2025-03-10 17:54:40
            [invite_code] => 6BE2CF
        )

    [4] => Array
        (
            [class_id] => 5
            [class_name] => Testing Class5
            [lecturer_id] => 1
            [start_date] => 2025-03-26
            [end_date] => 2025-03-22
            [created_at] => 2025-03-10 18:05:19
            [updated_at] => 2025-03-10 18:05:19
            [invite_code] => 45DC81
        )

    [5] => Array
        (
            [class_id] => 6
            [class_name] => Testing Class6
            [lecturer_id] => 1
            [start_date] => 2025-03-17
            [end_date] => 2025-03-18
            [created_at] => 2025-03-10 18:21:52
            [updated_at] => 2025-03-10 18:21:52
            [invite_code] => 3F1CB9
        )

)

ERROR - 2025-03-19 05:04:20 --> Array
(
    [0] => Array
        (
            [class_id] => 1
            [class_name] => Testing Class
            [lecturer_id] => 1
            [start_date] => 2025-03-10
            [end_date] => 2025-03-10
            [created_at] => 2025-03-10 17:34:19
            [updated_at] => 2025-03-10 17:34:19
            [invite_code] => 32534A
        )

    [1] => Array
        (
            [class_id] => 2
            [class_name] => Testing Class2
            [lecturer_id] => 1
            [start_date] => 2025-03-10
            [end_date] => 2025-03-11
            [created_at] => 2025-03-10 17:42:04
            [updated_at] => 2025-03-10 17:42:04
            [invite_code] => 4F1AE7
        )

    [2] => Array
        (
            [class_id] => 3
            [class_name] => Testing Class3
            [lecturer_id] => 1
            [start_date] => 2025-03-12
            [end_date] => 2025-03-13
            [created_at] => 2025-03-10 17:46:39
            [updated_at] => 2025-03-10 17:46:39
            [invite_code] => F9D223
        )

    [3] => Array
        (
            [class_id] => 4
            [class_name] => Testing Class4
            [lecturer_id] => 1
            [start_date] => 2025-03-12
            [end_date] => 2025-03-13
            [created_at] => 2025-03-10 17:54:40
            [updated_at] => 2025-03-10 17:54:40
            [invite_code] => 6BE2CF
        )

    [4] => Array
        (
            [class_id] => 5
            [class_name] => Testing Class5
            [lecturer_id] => 1
            [start_date] => 2025-03-26
            [end_date] => 2025-03-22
            [created_at] => 2025-03-10 18:05:19
            [updated_at] => 2025-03-10 18:05:19
            [invite_code] => 45DC81
        )

    [5] => Array
        (
            [class_id] => 6
            [class_name] => Testing Class6
            [lecturer_id] => 1
            [start_date] => 2025-03-17
            [end_date] => 2025-03-18
            [created_at] => 2025-03-10 18:21:52
            [updated_at] => 2025-03-10 18:21:52
            [invite_code] => 3F1CB9
        )

)

ERROR - 2025-03-19 05:36:58 --> Array
(
    [0] => Array
        (
            [class_id] => 1
            [class_name] => Testing Class
            [lecturer_id] => 1
            [start_date] => 2025-03-10
            [end_date] => 2025-03-10
            [created_at] => 2025-03-10 17:34:19
            [updated_at] => 2025-03-10 17:34:19
            [invite_code] => 32534A
            [class_description] => 
        )

    [1] => Array
        (
            [class_id] => 2
            [class_name] => Testing Class2
            [lecturer_id] => 1
            [start_date] => 2025-03-10
            [end_date] => 2025-03-11
            [created_at] => 2025-03-10 17:42:04
            [updated_at] => 2025-03-10 17:42:04
            [invite_code] => 4F1AE7
            [class_description] => 
        )

    [2] => Array
        (
            [class_id] => 3
            [class_name] => Testing Class3
            [lecturer_id] => 1
            [start_date] => 2025-03-12
            [end_date] => 2025-03-13
            [created_at] => 2025-03-10 17:46:39
            [updated_at] => 2025-03-10 17:46:39
            [invite_code] => F9D223
            [class_description] => 
        )

    [3] => Array
        (
            [class_id] => 4
            [class_name] => Testing Class4
            [lecturer_id] => 1
            [start_date] => 2025-03-12
            [end_date] => 2025-03-13
            [created_at] => 2025-03-10 17:54:40
            [updated_at] => 2025-03-10 17:54:40
            [invite_code] => 6BE2CF
            [class_description] => 
        )

    [4] => Array
        (
            [class_id] => 5
            [class_name] => Testing Class5
            [lecturer_id] => 1
            [start_date] => 2025-03-26
            [end_date] => 2025-03-22
            [created_at] => 2025-03-10 18:05:19
            [updated_at] => 2025-03-10 18:05:19
            [invite_code] => 45DC81
            [class_description] => 
        )

    [5] => Array
        (
            [class_id] => 6
            [class_name] => Testing Class6
            [lecturer_id] => 1
            [start_date] => 2025-03-17
            [end_date] => 2025-03-18
            [created_at] => 2025-03-10 18:21:52
            [updated_at] => 2025-03-10 18:21:52
            [invite_code] => 3F1CB9
            [class_description] => 
        )

    [6] => Array
        (
            [class_id] => 8
            [class_name] => lecturer1 testing
            [lecturer_id] => 1
            [start_date] => 2025-03-20
            [end_date] => 2025-03-21
            [created_at] => 2025-03-19 05:27:42
            [updated_at] => 2025-03-19 05:27:42
            [invite_code] => C2A1C6
            [class_description] => checking an important feature
        )

    [7] => Array
        (
            [class_id] => 9
            [class_name] => ertrytuytrter
            [lecturer_id] => 1
            [start_date] => 2025-03-20
            [end_date] => 2025-03-20
            [created_at] => 2025-03-19 05:36:40
            [updated_at] => 2025-03-19 05:36:40
            [invite_code] => 6653DA
            [class_description] => cfdgfuiyutyrter
        )

)

ERROR - 2025-03-19 05:36:59 --> Array
(
    [0] => Array
        (
            [class_id] => 1
            [class_name] => Testing Class
            [lecturer_id] => 1
            [start_date] => 2025-03-10
            [end_date] => 2025-03-10
            [created_at] => 2025-03-10 17:34:19
            [updated_at] => 2025-03-10 17:34:19
            [invite_code] => 32534A
            [class_description] => 
        )

    [1] => Array
        (
            [class_id] => 2
            [class_name] => Testing Class2
            [lecturer_id] => 1
            [start_date] => 2025-03-10
            [end_date] => 2025-03-11
            [created_at] => 2025-03-10 17:42:04
            [updated_at] => 2025-03-10 17:42:04
            [invite_code] => 4F1AE7
            [class_description] => 
        )

    [2] => Array
        (
            [class_id] => 3
            [class_name] => Testing Class3
            [lecturer_id] => 1
            [start_date] => 2025-03-12
            [end_date] => 2025-03-13
            [created_at] => 2025-03-10 17:46:39
            [updated_at] => 2025-03-10 17:46:39
            [invite_code] => F9D223
            [class_description] => 
        )

    [3] => Array
        (
            [class_id] => 4
            [class_name] => Testing Class4
            [lecturer_id] => 1
            [start_date] => 2025-03-12
            [end_date] => 2025-03-13
            [created_at] => 2025-03-10 17:54:40
            [updated_at] => 2025-03-10 17:54:40
            [invite_code] => 6BE2CF
            [class_description] => 
        )

    [4] => Array
        (
            [class_id] => 5
            [class_name] => Testing Class5
            [lecturer_id] => 1
            [start_date] => 2025-03-26
            [end_date] => 2025-03-22
            [created_at] => 2025-03-10 18:05:19
            [updated_at] => 2025-03-10 18:05:19
            [invite_code] => 45DC81
            [class_description] => 
        )

    [5] => Array
        (
            [class_id] => 6
            [class_name] => Testing Class6
            [lecturer_id] => 1
            [start_date] => 2025-03-17
            [end_date] => 2025-03-18
            [created_at] => 2025-03-10 18:21:52
            [updated_at] => 2025-03-10 18:21:52
            [invite_code] => 3F1CB9
            [class_description] => 
        )

    [6] => Array
        (
            [class_id] => 8
            [class_name] => lecturer1 testing
            [lecturer_id] => 1
            [start_date] => 2025-03-20
            [end_date] => 2025-03-21
            [created_at] => 2025-03-19 05:27:42
            [updated_at] => 2025-03-19 05:27:42
            [invite_code] => C2A1C6
            [class_description] => checking an important feature
        )

    [7] => Array
        (
            [class_id] => 9
            [class_name] => ertrytuytrter
            [lecturer_id] => 1
            [start_date] => 2025-03-20
            [end_date] => 2025-03-20
            [created_at] => 2025-03-19 05:36:40
            [updated_at] => 2025-03-19 05:36:40
            [invite_code] => 6653DA
            [class_description] => cfdgfuiyutyrter
        )

)

ERROR - 2025-03-19 05:37:46 --> Array
(
    [0] => Array
        (
            [class_id] => 1
            [class_name] => Testing Class
            [lecturer_id] => 1
            [start_date] => 2025-03-10
            [end_date] => 2025-03-10
            [created_at] => 2025-03-10 17:34:19
            [updated_at] => 2025-03-10 17:34:19
            [invite_code] => 32534A
            [class_description] => 
        )

    [1] => Array
        (
            [class_id] => 2
            [class_name] => Testing Class2
            [lecturer_id] => 1
            [start_date] => 2025-03-10
            [end_date] => 2025-03-11
            [created_at] => 2025-03-10 17:42:04
            [updated_at] => 2025-03-10 17:42:04
            [invite_code] => 4F1AE7
            [class_description] => 
        )

    [2] => Array
        (
            [class_id] => 3
            [class_name] => Testing Class3
            [lecturer_id] => 1
            [start_date] => 2025-03-12
            [end_date] => 2025-03-13
            [created_at] => 2025-03-10 17:46:39
            [updated_at] => 2025-03-10 17:46:39
            [invite_code] => F9D223
            [class_description] => 
        )

    [3] => Array
        (
            [class_id] => 4
            [class_name] => Testing Class4
            [lecturer_id] => 1
            [start_date] => 2025-03-12
            [end_date] => 2025-03-13
            [created_at] => 2025-03-10 17:54:40
            [updated_at] => 2025-03-10 17:54:40
            [invite_code] => 6BE2CF
            [class_description] => 
        )

    [4] => Array
        (
            [class_id] => 5
            [class_name] => Testing Class5
            [lecturer_id] => 1
            [start_date] => 2025-03-26
            [end_date] => 2025-03-22
            [created_at] => 2025-03-10 18:05:19
            [updated_at] => 2025-03-10 18:05:19
            [invite_code] => 45DC81
            [class_description] => 
        )

    [5] => Array
        (
            [class_id] => 6
            [class_name] => Testing Class6
            [lecturer_id] => 1
            [start_date] => 2025-03-17
            [end_date] => 2025-03-18
            [created_at] => 2025-03-10 18:21:52
            [updated_at] => 2025-03-10 18:21:52
            [invite_code] => 3F1CB9
            [class_description] => 
        )

    [6] => Array
        (
            [class_id] => 8
            [class_name] => lecturer1 testing
            [lecturer_id] => 1
            [start_date] => 2025-03-20
            [end_date] => 2025-03-21
            [created_at] => 2025-03-19 05:27:42
            [updated_at] => 2025-03-19 05:27:42
            [invite_code] => C2A1C6
            [class_description] => checking an important feature
        )

    [7] => Array
        (
            [class_id] => 9
            [class_name] => ertrytuytrter
            [lecturer_id] => 1
            [start_date] => 2025-03-20
            [end_date] => 2025-03-20
            [created_at] => 2025-03-19 05:36:40
            [updated_at] => 2025-03-19 05:36:40
            [invite_code] => 6653DA
            [class_description] => cfdgfuiyutyrter
        )

)

ERROR - 2025-03-19 05:37:46 --> Array
(
    [0] => Array
        (
            [class_id] => 1
            [class_name] => Testing Class
            [lecturer_id] => 1
            [start_date] => 2025-03-10
            [end_date] => 2025-03-10
            [created_at] => 2025-03-10 17:34:19
            [updated_at] => 2025-03-10 17:34:19
            [invite_code] => 32534A
            [class_description] => 
        )

    [1] => Array
        (
            [class_id] => 2
            [class_name] => Testing Class2
            [lecturer_id] => 1
            [start_date] => 2025-03-10
            [end_date] => 2025-03-11
            [created_at] => 2025-03-10 17:42:04
            [updated_at] => 2025-03-10 17:42:04
            [invite_code] => 4F1AE7
            [class_description] => 
        )

    [2] => Array
        (
            [class_id] => 3
            [class_name] => Testing Class3
            [lecturer_id] => 1
            [start_date] => 2025-03-12
            [end_date] => 2025-03-13
            [created_at] => 2025-03-10 17:46:39
            [updated_at] => 2025-03-10 17:46:39
            [invite_code] => F9D223
            [class_description] => 
        )

    [3] => Array
        (
            [class_id] => 4
            [class_name] => Testing Class4
            [lecturer_id] => 1
            [start_date] => 2025-03-12
            [end_date] => 2025-03-13
            [created_at] => 2025-03-10 17:54:40
            [updated_at] => 2025-03-10 17:54:40
            [invite_code] => 6BE2CF
            [class_description] => 
        )

    [4] => Array
        (
            [class_id] => 5
            [class_name] => Testing Class5
            [lecturer_id] => 1
            [start_date] => 2025-03-26
            [end_date] => 2025-03-22
            [created_at] => 2025-03-10 18:05:19
            [updated_at] => 2025-03-10 18:05:19
            [invite_code] => 45DC81
            [class_description] => 
        )

    [5] => Array
        (
            [class_id] => 6
            [class_name] => Testing Class6
            [lecturer_id] => 1
            [start_date] => 2025-03-17
            [end_date] => 2025-03-18
            [created_at] => 2025-03-10 18:21:52
            [updated_at] => 2025-03-10 18:21:52
            [invite_code] => 3F1CB9
            [class_description] => 
        )

    [6] => Array
        (
            [class_id] => 8
            [class_name] => lecturer1 testing
            [lecturer_id] => 1
            [start_date] => 2025-03-20
            [end_date] => 2025-03-21
            [created_at] => 2025-03-19 05:27:42
            [updated_at] => 2025-03-19 05:27:42
            [invite_code] => C2A1C6
            [class_description] => checking an important feature
        )

    [7] => Array
        (
            [class_id] => 9
            [class_name] => ertrytuytrter
            [lecturer_id] => 1
            [start_date] => 2025-03-20
            [end_date] => 2025-03-20
            [created_at] => 2025-03-19 05:36:40
            [updated_at] => 2025-03-19 05:36:40
            [invite_code] => 6653DA
            [class_description] => cfdgfuiyutyrter
        )

)

ERROR - 2025-03-19 06:03:26 --> Array
(
    [0] => Array
        (
            [class_id] => 1
            [class_name] => Testing Class
            [lecturer_id] => 1
            [start_date] => 2025-03-10
            [end_date] => 2025-03-10
            [created_at] => 2025-03-10 17:34:19
            [updated_at] => 2025-03-10 17:34:19
            [invite_code] => 32534A
            [class_description] => 
        )

    [1] => Array
        (
            [class_id] => 2
            [class_name] => Testing Class2
            [lecturer_id] => 1
            [start_date] => 2025-03-10
            [end_date] => 2025-03-11
            [created_at] => 2025-03-10 17:42:04
            [updated_at] => 2025-03-10 17:42:04
            [invite_code] => 4F1AE7
            [class_description] => 
        )

    [2] => Array
        (
            [class_id] => 3
            [class_name] => Testing Class3
            [lecturer_id] => 1
            [start_date] => 2025-03-12
            [end_date] => 2025-03-13
            [created_at] => 2025-03-10 17:46:39
            [updated_at] => 2025-03-10 17:46:39
            [invite_code] => F9D223
            [class_description] => 
        )

    [3] => Array
        (
            [class_id] => 4
            [class_name] => Testing Class4
            [lecturer_id] => 1
            [start_date] => 2025-03-12
            [end_date] => 2025-03-13
            [created_at] => 2025-03-10 17:54:40
            [updated_at] => 2025-03-10 17:54:40
            [invite_code] => 6BE2CF
            [class_description] => 
        )

    [4] => Array
        (
            [class_id] => 5
            [class_name] => Testing Class5
            [lecturer_id] => 1
            [start_date] => 2025-03-26
            [end_date] => 2025-03-22
            [created_at] => 2025-03-10 18:05:19
            [updated_at] => 2025-03-10 18:05:19
            [invite_code] => 45DC81
            [class_description] => 
        )

    [5] => Array
        (
            [class_id] => 6
            [class_name] => Testing Class6
            [lecturer_id] => 1
            [start_date] => 2025-03-17
            [end_date] => 2025-03-18
            [created_at] => 2025-03-10 18:21:52
            [updated_at] => 2025-03-10 18:21:52
            [invite_code] => 3F1CB9
            [class_description] => 
        )

    [6] => Array
        (
            [class_id] => 8
            [class_name] => lecturer1 testing
            [lecturer_id] => 1
            [start_date] => 2025-03-20
            [end_date] => 2025-03-21
            [created_at] => 2025-03-19 05:27:42
            [updated_at] => 2025-03-19 05:27:42
            [invite_code] => C2A1C6
            [class_description] => checking an important feature
        )

    [7] => Array
        (
            [class_id] => 9
            [class_name] => ertrytuytrter
            [lecturer_id] => 1
            [start_date] => 2025-03-20
            [end_date] => 2025-03-20
            [created_at] => 2025-03-19 05:36:40
            [updated_at] => 2025-03-19 05:36:40
            [invite_code] => 6653DA
            [class_description] => cfdgfuiyutyrter
        )

)

ERROR - 2025-03-19 06:03:26 --> Array
(
    [0] => Array
        (
            [class_id] => 1
            [class_name] => Testing Class
            [lecturer_id] => 1
            [start_date] => 2025-03-10
            [end_date] => 2025-03-10
            [created_at] => 2025-03-10 17:34:19
            [updated_at] => 2025-03-10 17:34:19
            [invite_code] => 32534A
            [class_description] => 
        )

    [1] => Array
        (
            [class_id] => 2
            [class_name] => Testing Class2
            [lecturer_id] => 1
            [start_date] => 2025-03-10
            [end_date] => 2025-03-11
            [created_at] => 2025-03-10 17:42:04
            [updated_at] => 2025-03-10 17:42:04
            [invite_code] => 4F1AE7
            [class_description] => 
        )

    [2] => Array
        (
            [class_id] => 3
            [class_name] => Testing Class3
            [lecturer_id] => 1
            [start_date] => 2025-03-12
            [end_date] => 2025-03-13
            [created_at] => 2025-03-10 17:46:39
            [updated_at] => 2025-03-10 17:46:39
            [invite_code] => F9D223
            [class_description] => 
        )

    [3] => Array
        (
            [class_id] => 4
            [class_name] => Testing Class4
            [lecturer_id] => 1
            [start_date] => 2025-03-12
            [end_date] => 2025-03-13
            [created_at] => 2025-03-10 17:54:40
            [updated_at] => 2025-03-10 17:54:40
            [invite_code] => 6BE2CF
            [class_description] => 
        )

    [4] => Array
        (
            [class_id] => 5
            [class_name] => Testing Class5
            [lecturer_id] => 1
            [start_date] => 2025-03-26
            [end_date] => 2025-03-22
            [created_at] => 2025-03-10 18:05:19
            [updated_at] => 2025-03-10 18:05:19
            [invite_code] => 45DC81
            [class_description] => 
        )

    [5] => Array
        (
            [class_id] => 6
            [class_name] => Testing Class6
            [lecturer_id] => 1
            [start_date] => 2025-03-17
            [end_date] => 2025-03-18
            [created_at] => 2025-03-10 18:21:52
            [updated_at] => 2025-03-10 18:21:52
            [invite_code] => 3F1CB9
            [class_description] => 
        )

    [6] => Array
        (
            [class_id] => 8
            [class_name] => lecturer1 testing
            [lecturer_id] => 1
            [start_date] => 2025-03-20
            [end_date] => 2025-03-21
            [created_at] => 2025-03-19 05:27:42
            [updated_at] => 2025-03-19 05:27:42
            [invite_code] => C2A1C6
            [class_description] => checking an important feature
        )

    [7] => Array
        (
            [class_id] => 9
            [class_name] => ertrytuytrter
            [lecturer_id] => 1
            [start_date] => 2025-03-20
            [end_date] => 2025-03-20
            [created_at] => 2025-03-19 05:36:40
            [updated_at] => 2025-03-19 05:36:40
            [invite_code] => 6653DA
            [class_description] => cfdgfuiyutyrter
        )

)

