ERROR - 2025-03-05 15:08:45 --> mysqli_sql_exception: Duplicate entry '0' for key 'PRIMARY' in C:\xampp\htdocs\GRADE-TRACK-LOGIC\system\Database\MySQLi\Connection.php:306
Stack trace:
#0 C:\xampp\htdocs\GRADE-TRACK-LOGIC\system\Database\MySQLi\Connection.php(306): mysqli->query('INSERT INTO `ad...', 0)
#1 C:\xampp\htdocs\GRADE-TRACK-LOGIC\system\Database\BaseConnection.php(693): CodeIgniter\Database\MySQLi\Connection->execute('INSERT INTO `ad...')
#2 C:\xampp\htdocs\GRADE-TRACK-LOGIC\system\Database\BaseConnection.php(607): CodeIgniter\Database\BaseConnection->simpleQuery('INSERT INTO `ad...')
#3 C:\xampp\htdocs\GRADE-TRACK-LOGIC\system\Database\BaseBuilder.php(2307): CodeIgniter\Database\BaseConnection->query('INSERT INTO `ad...', Array, false)
#4 C:\xampp\htdocs\GRADE-TRACK-LOGIC\system\Model.php(326): CodeIgniter\Database\BaseBuilder->insert()
#5 C:\xampp\htdocs\GRADE-TRACK-LOGIC\system\BaseModel.php(802): CodeIgniter\Model->doInsert(Array)
#6 C:\xampp\htdocs\GRADE-TRACK-LOGIC\system\Model.php(744): CodeIgniter\BaseModel->insert(Array, true)
#7 C:\xampp\htdocs\GRADE-TRACK-LOGIC\app\Controllers\API\AuthController.php(87): CodeIgniter\Model->insert(Array)
#8 C:\xampp\htdocs\GRADE-TRACK-LOGIC\system\CodeIgniter.php(941): App\Controllers\API\AuthController->register()
#9 C:\xampp\htdocs\GRADE-TRACK-LOGIC\system\CodeIgniter.php(502): CodeIgniter\CodeIgniter->runController(Object(App\Controllers\API\AuthController))
#10 C:\xampp\htdocs\GRADE-TRACK-LOGIC\system\CodeIgniter.php(361): CodeIgniter\CodeIgniter->handleRequest(NULL, Object(Config\Cache), false)
#11 C:\xampp\htdocs\GRADE-TRACK-LOGIC\public\index.php(79): CodeIgniter\CodeIgniter->run()
#12 C:\xampp\htdocs\GRADE-TRACK-LOGIC\system\Commands\Server\rewrite.php(47): require_once('C:\\xampp\\htdocs...')
#13 {main}
CRITICAL - 2025-03-05 15:08:45 --> CodeIgniter\Database\Exceptions\DatabaseException: Duplicate entry '0' for key 'PRIMARY'
in SYSTEMPATH\Database\BaseConnection.php on line 647.
 1 SYSTEMPATH\Database\BaseBuilder.php(2307): CodeIgniter\Database\BaseConnection->query('INSERT INTO `admin` (`admin_first_name`, `admin_last_name`, `admin_email`, `admin_password`) VALUES (:admin_first_name:, :admin_last_name:, :admin_email:, :admin_password:)', [...], false)
 2 SYSTEMPATH\Model.php(326): CodeIgniter\Database\BaseBuilder->insert()
 3 SYSTEMPATH\BaseModel.php(802): CodeIgniter\Model->doInsert([...])
 4 SYSTEMPATH\Model.php(744): CodeIgniter\BaseModel->insert([...], true)
 5 APPPATH\Controllers\API\AuthController.php(87): CodeIgniter\Model->insert([...])
 6 SYSTEMPATH\CodeIgniter.php(941): App\Controllers\API\AuthController->register()
 7 SYSTEMPATH\CodeIgniter.php(502): CodeIgniter\CodeIgniter->runController(Object(App\Controllers\API\AuthController))
 8 SYSTEMPATH\CodeIgniter.php(361): CodeIgniter\CodeIgniter->handleRequest(null, Object(Config\Cache), false)
 9 FCPATH\index.php(79): CodeIgniter\CodeIgniter->run()
10 SYSTEMPATH\Commands\Server\rewrite.php(47): require_once('C:\\xampp\\htdocs\\GRADE-TRACK-LOGIC\\public\\index.php')
CRITICAL - 2025-03-05 15:08:45 --> [Caused by] CodeIgniter\Database\Exceptions\DatabaseException: Duplicate entry '0' for key 'PRIMARY'
in SYSTEMPATH\Database\MySQLi\Connection.php on line 311.
 1 SYSTEMPATH\Database\BaseConnection.php(693): CodeIgniter\Database\MySQLi\Connection->execute('INSERT INTO `admin` (`admin_first_name`, `admin_last_name`, `admin_email`, `admin_password`) VALUES (\'Admin\', \'Admin\', \'admin@test.com\', \'$2y$10$NueiNQQh/9BOoOfiWcG9VekJsPdPYAEPuRzxKAt8mHf/VTMKN9Y/C\')')
 2 SYSTEMPATH\Database\BaseConnection.php(607): CodeIgniter\Database\BaseConnection->simpleQuery('INSERT INTO `admin` (`admin_first_name`, `admin_last_name`, `admin_email`, `admin_password`) VALUES (\'Admin\', \'Admin\', \'admin@test.com\', \'$2y$10$NueiNQQh/9BOoOfiWcG9VekJsPdPYAEPuRzxKAt8mHf/VTMKN9Y/C\')')
 3 SYSTEMPATH\Database\BaseBuilder.php(2307): CodeIgniter\Database\BaseConnection->query('INSERT INTO `admin` (`admin_first_name`, `admin_last_name`, `admin_email`, `admin_password`) VALUES (:admin_first_name:, :admin_last_name:, :admin_email:, :admin_password:)', [...], false)
 4 SYSTEMPATH\Model.php(326): CodeIgniter\Database\BaseBuilder->insert()
 5 SYSTEMPATH\BaseModel.php(802): CodeIgniter\Model->doInsert([...])
 6 SYSTEMPATH\Model.php(744): CodeIgniter\BaseModel->insert([...], true)
 7 APPPATH\Controllers\API\AuthController.php(87): CodeIgniter\Model->insert([...])
 8 SYSTEMPATH\CodeIgniter.php(941): App\Controllers\API\AuthController->register()
 9 SYSTEMPATH\CodeIgniter.php(502): CodeIgniter\CodeIgniter->runController(Object(App\Controllers\API\AuthController))
10 SYSTEMPATH\CodeIgniter.php(361): CodeIgniter\CodeIgniter->handleRequest(null, Object(Config\Cache), false)
11 FCPATH\index.php(79): CodeIgniter\CodeIgniter->run()
12 SYSTEMPATH\Commands\Server\rewrite.php(47): require_once('C:\\xampp\\htdocs\\GRADE-TRACK-LOGIC\\public\\index.php')
CRITICAL - 2025-03-05 15:08:45 --> [Caused by] mysqli_sql_exception: Duplicate entry '0' for key 'PRIMARY'
in SYSTEMPATH\Database\MySQLi\Connection.php on line 306.
 1 SYSTEMPATH\Database\MySQLi\Connection.php(306): mysqli->query('INSERT INTO `admin` (`admin_first_name`, `admin_last_name`, `admin_email`, `admin_password`) VALUES (\'Admin\', \'Admin\', \'admin@test.com\', \'$2y$10$NueiNQQh/9BOoOfiWcG9VekJsPdPYAEPuRzxKAt8mHf/VTMKN9Y/C\')', 0)
 2 SYSTEMPATH\Database\BaseConnection.php(693): CodeIgniter\Database\MySQLi\Connection->execute('INSERT INTO `admin` (`admin_first_name`, `admin_last_name`, `admin_email`, `admin_password`) VALUES (\'Admin\', \'Admin\', \'admin@test.com\', \'$2y$10$NueiNQQh/9BOoOfiWcG9VekJsPdPYAEPuRzxKAt8mHf/VTMKN9Y/C\')')
 3 SYSTEMPATH\Database\BaseConnection.php(607): CodeIgniter\Database\BaseConnection->simpleQuery('INSERT INTO `admin` (`admin_first_name`, `admin_last_name`, `admin_email`, `admin_password`) VALUES (\'Admin\', \'Admin\', \'admin@test.com\', \'$2y$10$NueiNQQh/9BOoOfiWcG9VekJsPdPYAEPuRzxKAt8mHf/VTMKN9Y/C\')')
 4 SYSTEMPATH\Database\BaseBuilder.php(2307): CodeIgniter\Database\BaseConnection->query('INSERT INTO `admin` (`admin_first_name`, `admin_last_name`, `admin_email`, `admin_password`) VALUES (:admin_first_name:, :admin_last_name:, :admin_email:, :admin_password:)', [...], false)
 5 SYSTEMPATH\Model.php(326): CodeIgniter\Database\BaseBuilder->insert()
 6 SYSTEMPATH\BaseModel.php(802): CodeIgniter\Model->doInsert([...])
 7 SYSTEMPATH\Model.php(744): CodeIgniter\BaseModel->insert([...], true)
 8 APPPATH\Controllers\API\AuthController.php(87): CodeIgniter\Model->insert([...])
 9 SYSTEMPATH\CodeIgniter.php(941): App\Controllers\API\AuthController->register()
10 SYSTEMPATH\CodeIgniter.php(502): CodeIgniter\CodeIgniter->runController(Object(App\Controllers\API\AuthController))
11 SYSTEMPATH\CodeIgniter.php(361): CodeIgniter\CodeIgniter->handleRequest(null, Object(Config\Cache), false)
12 FCPATH\index.php(79): CodeIgniter\CodeIgniter->run()
13 SYSTEMPATH\Commands\Server\rewrite.php(47): require_once('C:\\xampp\\htdocs\\GRADE-TRACK-LOGIC\\public\\index.php')
CRITICAL - 2025-03-05 15:47:13 --> ErrorException: Undefined variable $user
in APPPATH\Controllers\API\AuthController.php on line 181.
 1 APPPATH\Controllers\API\AuthController.php(181): CodeIgniter\Debug\Exceptions->errorHandler(2, 'Undefined variable $user', 'C:\\xampp\\htdocs\\GRADE-TRACK-LOGIC\\app\\Controllers\\API\\AuthController.php', 181)
 2 SYSTEMPATH\CodeIgniter.php(941): App\Controllers\API\AuthController->login()
 3 SYSTEMPATH\CodeIgniter.php(502): CodeIgniter\CodeIgniter->runController(Object(App\Controllers\API\AuthController))
 4 SYSTEMPATH\CodeIgniter.php(361): CodeIgniter\CodeIgniter->handleRequest(null, Object(Config\Cache), false)
 5 FCPATH\index.php(79): CodeIgniter\CodeIgniter->run()
 6 SYSTEMPATH\Commands\Server\rewrite.php(47): require_once('C:\\xampp\\htdocs\\GRADE-TRACK-LOGIC\\public\\index.php')
CRITICAL - 2025-03-05 16:19:31 --> ErrorException: Undefined array key "matric_number"
in APPPATH\Controllers\API\AuthController.php on line 175.
 1 APPPATH\Controllers\API\AuthController.php(175): CodeIgniter\Debug\Exceptions->errorHandler(2, 'Undefined array key "matric_number"', 'C:\\xampp\\htdocs\\GRADE-TRACK-LOGIC\\app\\Controllers\\API\\AuthController.php', 175)
 2 SYSTEMPATH\CodeIgniter.php(941): App\Controllers\API\AuthController->login()
 3 SYSTEMPATH\CodeIgniter.php(502): CodeIgniter\CodeIgniter->runController(Object(App\Controllers\API\AuthController))
 4 SYSTEMPATH\CodeIgniter.php(361): CodeIgniter\CodeIgniter->handleRequest(null, Object(Config\Cache), false)
 5 FCPATH\index.php(79): CodeIgniter\CodeIgniter->run()
 6 SYSTEMPATH\Commands\Server\rewrite.php(47): require_once('C:\\xampp\\htdocs\\GRADE-TRACK-LOGIC\\public\\index.php')
CRITICAL - 2025-03-05 16:19:54 --> ErrorException: Undefined array key "matric_number"
in APPPATH\Controllers\API\AuthController.php on line 175.
 1 APPPATH\Controllers\API\AuthController.php(175): CodeIgniter\Debug\Exceptions->errorHandler(2, 'Undefined array key "matric_number"', 'C:\\xampp\\htdocs\\GRADE-TRACK-LOGIC\\app\\Controllers\\API\\AuthController.php', 175)
 2 SYSTEMPATH\CodeIgniter.php(941): App\Controllers\API\AuthController->login()
 3 SYSTEMPATH\CodeIgniter.php(502): CodeIgniter\CodeIgniter->runController(Object(App\Controllers\API\AuthController))
 4 SYSTEMPATH\CodeIgniter.php(361): CodeIgniter\CodeIgniter->handleRequest(null, Object(Config\Cache), false)
 5 FCPATH\index.php(79): CodeIgniter\CodeIgniter->run()
 6 SYSTEMPATH\Commands\Server\rewrite.php(47): require_once('C:\\xampp\\htdocs\\GRADE-TRACK-LOGIC\\public\\index.php')
